<?xml version="1.0" encoding="UTF-8"?>
<testsuite xmlns:xsi="http://www.w3.org/2001/XMLSchema-instance" xsi:noNamespaceSchemaLocation="https://maven.apache.org/surefire/maven-surefire-plugin/xsd/surefire-test-report-3.0.xsd" version="3.0" name="org.nmcpye.am.artemis.audit.listener.AnnotationUtilsTest" time="0.133" tests="2" errors="0" skipped="0" failures="0">
  <properties>
    <property name="sun.desktop" value="windows"/>
    <property name="awt.toolkit" value="sun.awt.windows.WToolkit"/>
    <property name="java.specification.version" value="11"/>
    <property name="sun.cpu.isalist" value="amd64"/>
    <property name="sun.jnu.encoding" value="Cp1252"/>
    <property name="java.class.path" value="D:\Hamza\Learn\my-projects\jhipster-projects\d2fsam\d2fsam-support\d2fsam-support-artemis\target\test-classes;D:\Hamza\Learn\my-projects\jhipster-projects\d2fsam\d2fsam-support\d2fsam-support-artemis\target\classes;D:\Hamza\Learn\my-projects\jhipster-projects\d2fsam\d2fsam-api\target\d2fsam-api-0.0.1-SNAPSHOT.jar;D:\Hamza\JavaEE_development\JavaEEMvnRepository\.m2\repository\org\apache\commons\commons-collections4\4.4\commons-collections4-4.4.jar;D:\Hamza\JavaEE_development\JavaEEMvnRepository\.m2\repository\net\sf\jasperreports\jasperreports\6.20.0\jasperreports-6.20.0.jar;D:\Hamza\JavaEE_development\JavaEEMvnRepository\.m2\repository\commons-digester\commons-digester\2.1\commons-digester-2.1.jar;D:\Hamza\JavaEE_development\JavaEEMvnRepository\.m2\repository\org\jfree\jfreechart\1.5.3\jfreechart-1.5.3.jar;D:\Hamza\JavaEE_development\JavaEEMvnRepository\.m2\repository\org\eclipse\jdt\ecj\3.21.0\ecj-3.21.0.jar;D:\Hamza\JavaEE_development\JavaEEMvnRepository\.m2\repository\com\graphhopper\external\jackson-datatype-jts\1.0-2.7\jackson-datatype-jts-1.0-2.7.jar;D:\Hamza\JavaEE_development\JavaEEMvnRepository\.m2\repository\org\springframework\spring-jdbc\5.3.22\spring-jdbc-5.3.22.jar;D:\Hamza\JavaEE_development\JavaEEMvnRepository\.m2\repository\org\springframework\spring-tx\5.3.22\spring-tx-5.3.22.jar;D:\Hamza\JavaEE_development\JavaEEMvnRepository\.m2\repository\org\cache2k\cache2k-api\1.6.0.Final\cache2k-api-1.6.0.Final.jar;D:\Hamza\JavaEE_development\JavaEEMvnRepository\.m2\repository\org\cache2k\cache2k-core\1.6.0.Final\cache2k-core-1.6.0.Final.jar;D:\Hamza\JavaEE_development\JavaEEMvnRepository\.m2\repository\joda-time\joda-time\2.11.1\joda-time-2.11.1.jar;D:\Hamza\JavaEE_development\JavaEEMvnRepository\.m2\repository\javax\validation\validation-api\2.0.1.Final\validation-api-2.0.1.Final.jar;D:\Hamza\JavaEE_development\JavaEEMvnRepository\.m2\repository\org\hisp\dhis\rules\rule-engine\2.0.42\rule-engine-2.0.42.jar;D:\Hamza\JavaEE_development\JavaEEMvnRepository\.m2\repository\nl\jqno\equalsverifier\equalsverifier\2.1.6\equalsverifier-2.1.6.jar;D:\Hamza\JavaEE_development\JavaEEMvnRepository\.m2\repository\org\springframework\security\spring-security-core\5.7.3\spring-security-core-5.7.3.jar;D:\Hamza\JavaEE_development\JavaEEMvnRepository\.m2\repository\org\springframework\security\spring-security-crypto\5.7.3\spring-security-crypto-5.7.3.jar;D:\Hamza\JavaEE_development\JavaEEMvnRepository\.m2\repository\commons-codec\commons-codec\1.15\commons-codec-1.15.jar;D:\Hamza\JavaEE_development\JavaEEMvnRepository\.m2\repository\org\locationtech\jts\jts-core\1.19.0\jts-core-1.19.0.jar;D:\Hamza\JavaEE_development\JavaEEMvnRepository\.m2\repository\org\locationtech\jts\io\jts-io-common\1.19.0\jts-io-common-1.19.0.jar;D:\Hamza\JavaEE_development\JavaEEMvnRepository\.m2\repository\com\googlecode\json-simple\json-simple\1.1.1\json-simple-1.1.1.jar;D:\Hamza\JavaEE_development\JavaEEMvnRepository\.m2\repository\org\geotools\gt-geojson\27.1\gt-geojson-27.1.jar;D:\Hamza\JavaEE_development\JavaEEMvnRepository\.m2\repository\org\geotools\gt-main\27.1\gt-main-27.1.jar;D:\Hamza\JavaEE_development\JavaEEMvnRepository\.m2\repository\org\geotools\gt-http\27.1\gt-http-27.1.jar;D:\Hamza\JavaEE_development\JavaEEMvnRepository\.m2\repository\com\google\re2j\re2j\1.6\re2j-1.6.jar;D:\Hamza\JavaEE_development\JavaEEMvnRepository\.m2\repository\javax\media\jai_core\1.1.3\jai_core-1.1.3.jar;D:\Hamza\JavaEE_development\JavaEEMvnRepository\.m2\repository\javax\xml\bind\jaxb-api\2.4.0-b180830.0359\jaxb-api-2.4.0-b180830.0359.jar;D:\Hamza\JavaEE_development\JavaEEMvnRepository\.m2\repository\org\geotools\gt-opengis\27.1\gt-opengis-27.1.jar;D:\Hamza\JavaEE_development\JavaEEMvnRepository\.m2\repository\commons-pool\commons-pool\1.5.4\commons-pool-1.5.4.jar;D:\Hamza\JavaEE_development\JavaEEMvnRepository\.m2\repository\systems\uom\systems-common\2.0.2\systems-common-2.0.2.jar;D:\Hamza\JavaEE_development\JavaEEMvnRepository\.m2\repository\javax\measure\unit-api\2.0\unit-api-2.0.jar;D:\Hamza\JavaEE_development\JavaEEMvnRepository\.m2\repository\tech\units\indriya\2.0.2\indriya-2.0.2.jar;D:\Hamza\JavaEE_development\JavaEEMvnRepository\.m2\repository\tech\uom\lib\uom-lib-common\2.0\uom-lib-common-2.0.jar;D:\Hamza\JavaEE_development\JavaEEMvnRepository\.m2\repository\javax\inject\javax.inject\1\javax.inject-1.jar;D:\Hamza\JavaEE_development\JavaEEMvnRepository\.m2\repository\si\uom\si-quantity\2.0.1\si-quantity-2.0.1.jar;D:\Hamza\JavaEE_development\JavaEEMvnRepository\.m2\repository\si\uom\si-units\2.0.1\si-units-2.0.1.jar;D:\Hamza\JavaEE_development\JavaEEMvnRepository\.m2\repository\com\fasterxml\jackson\dataformat\jackson-dataformat-csv\2.13.4\jackson-dataformat-csv-2.13.4.jar;D:\Hamza\JavaEE_development\JavaEEMvnRepository\.m2\repository\com\fasterxml\jackson\datatype\jackson-datatype-jdk8\2.13.4\jackson-datatype-jdk8-2.13.4.jar;D:\Hamza\JavaEE_development\JavaEEMvnRepository\.m2\repository\com\fasterxml\jackson\datatype\jackson-datatype-hibernate5\2.13.4\jackson-datatype-hibernate5-2.13.4.jar;D:\Hamza\JavaEE_development\JavaEEMvnRepository\.m2\repository\javax\transaction\javax.transaction-api\1.3\javax.transaction-api-1.3.jar;D:\Hamza\JavaEE_development\JavaEEMvnRepository\.m2\repository\com\fasterxml\jackson\datatype\jackson-datatype-jsr310\2.13.4\jackson-datatype-jsr310-2.13.4.jar;D:\Hamza\JavaEE_development\JavaEEMvnRepository\.m2\repository\org\postgresql\postgresql\42.5.0\postgresql-42.5.0.jar;D:\Hamza\Learn\my-projects\jhipster-projects\d2fsam\d2fsam-services\d2fsam-service-schema\target\d2fsam-service-schema-0.0.1-SNAPSHOT.jar;D:\Hamza\JavaEE_development\JavaEEMvnRepository\.m2\repository\commons-validator\commons-validator\1.7\commons-validator-1.7.jar;D:\Hamza\JavaEE_development\JavaEEMvnRepository\.m2\repository\commons-collections\commons-collections\3.2.2\commons-collections-3.2.2.jar;D:\Hamza\Learn\my-projects\jhipster-projects\d2fsam\d2fsam-support\d2fsam-support-hibernate\target\d2fsam-support-hibernate-0.0.1-SNAPSHOT.jar;D:\Hamza\JavaEE_development\JavaEEMvnRepository\.m2\repository\org\hibernate\hibernate-spatial\5.6.11.Final\hibernate-spatial-5.6.11.Final.jar;D:\Hamza\JavaEE_development\JavaEEMvnRepository\.m2\repository\org\geolatte\geolatte-geom\1.8.2\geolatte-geom-1.8.2.jar;D:\Hamza\JavaEE_development\JavaEEMvnRepository\.m2\repository\org\hibernate\hibernate-ehcache\5.6.11.Final\hibernate-ehcache-5.6.11.Final.jar;D:\Hamza\JavaEE_development\JavaEEMvnRepository\.m2\repository\net\sf\ehcache\ehcache\2.10.6\ehcache-2.10.6.jar;D:\Hamza\JavaEE_development\JavaEEMvnRepository\.m2\repository\com\vladmihalcea\hibernate-types-52\2.19.1\hibernate-types-52-2.19.1.jar;D:\Hamza\JavaEE_development\JavaEEMvnRepository\.m2\repository\com\zaxxer\HikariCP\5.0.1\HikariCP-5.0.1.jar;D:\Hamza\JavaEE_development\JavaEEMvnRepository\.m2\repository\org\jasypt\jasypt\1.9.3\jasypt-1.9.3.jar;D:\Hamza\JavaEE_development\JavaEEMvnRepository\.m2\repository\com\h2database\h2\2.1.214\h2-2.1.214.jar;D:\Hamza\JavaEE_development\JavaEEMvnRepository\.m2\repository\net\ttddyy\datasource-proxy\1.8\datasource-proxy-1.8.jar;D:\Hamza\JavaEE_development\JavaEEMvnRepository\.m2\repository\org\springframework\spring-orm\5.3.22\spring-orm-5.3.22.jar;D:\Hamza\JavaEE_development\JavaEEMvnRepository\.m2\repository\org\bouncycastle\bcprov-jdk15on\1.70\bcprov-jdk15on-1.70.jar;D:\Hamza\Learn\my-projects\jhipster-projects\d2fsam\d2fsam-support\d2fsam-support-external\target\d2fsam-support-external-0.0.1-SNAPSHOT.jar;D:\Hamza\JavaEE_development\JavaEEMvnRepository\.m2\repository\org\apache\commons\commons-text\1.9\commons-text-1.9.jar;D:\Hamza\JavaEE_development\JavaEEMvnRepository\.m2\repository\com\google\api-client\google-api-client\2.0.0\google-api-client-2.0.0.jar;D:\Hamza\JavaEE_development\JavaEEMvnRepository\.m2\repository\com\google\oauth-client\google-oauth-client\1.34.1\google-oauth-client-1.34.1.jar;D:\Hamza\JavaEE_development\JavaEEMvnRepository\.m2\repository\com\google\http-client\google-http-client-gson\1.42.1\google-http-client-gson-1.42.1.jar;D:\Hamza\JavaEE_development\JavaEEMvnRepository\.m2\repository\com\google\code\gson\gson\2.8.9\gson-2.8.9.jar;D:\Hamza\JavaEE_development\JavaEEMvnRepository\.m2\repository\com\google\http-client\google-http-client-apache-v2\1.42.1\google-http-client-apache-v2-1.42.1.jar;D:\Hamza\JavaEE_development\JavaEEMvnRepository\.m2\repository\com\google\http-client\google-http-client\1.42.1\google-http-client-1.42.1.jar;D:\Hamza\JavaEE_development\JavaEEMvnRepository\.m2\repository\io\opencensus\opencensus-api\0.31.1\opencensus-api-0.31.1.jar;D:\Hamza\JavaEE_development\JavaEEMvnRepository\.m2\repository\io\grpc\grpc-context\1.27.2\grpc-context-1.27.2.jar;D:\Hamza\JavaEE_development\JavaEEMvnRepository\.m2\repository\io\opencensus\opencensus-contrib-http-util\0.31.1\opencensus-contrib-http-util-0.31.1.jar;D:\Hamza\Learn\my-projects\jhipster-projects\d2fsam\d2fsam-support\d2fsam-support-system\target\d2fsam-support-system-0.0.1-SNAPSHOT.jar;D:\Hamza\Learn\my-projects\jhipster-projects\d2fsam\d2fsam-support\d2fsam-support-db-migration\target\d2fsam-support-db-migration-0.0.1-SNAPSHOT.jar;D:\Hamza\JavaEE_development\JavaEEMvnRepository\.m2\repository\org\liquibase\liquibase-core\4.15.0\liquibase-core-4.15.0.jar;D:\Hamza\JavaEE_development\JavaEEMvnRepository\.m2\repository\org\yaml\snakeyaml\1.27\snakeyaml-1.27.jar;D:\Hamza\JavaEE_development\JavaEEMvnRepository\.m2\repository\com\opencsv\opencsv\5.6\opencsv-5.6.jar;D:\Hamza\JavaEE_development\JavaEEMvnRepository\.m2\repository\org\springframework\spring-web\5.3.22\spring-web-5.3.22.jar;D:\Hamza\JavaEE_development\JavaEEMvnRepository\.m2\repository\org\geotools\gt-referencing\27.1\gt-referencing-27.1.jar;D:\Hamza\JavaEE_development\JavaEEMvnRepository\.m2\repository\org\ejml\ejml-ddense\0.34\ejml-ddense-0.34.jar;D:\Hamza\JavaEE_development\JavaEEMvnRepository\.m2\repository\org\ejml\ejml-core\0.34\ejml-core-0.34.jar;D:\Hamza\JavaEE_development\JavaEEMvnRepository\.m2\repository\org\geotools\gt-metadata\27.1\gt-metadata-27.1.jar;D:\Hamza\JavaEE_development\JavaEEMvnRepository\.m2\repository\org\geotools\ogc\net.opengis.ows\27.1\net.opengis.ows-27.1.jar;D:\Hamza\JavaEE_development\JavaEEMvnRepository\.m2\repository\org\geotools\ogc\org.w3.xlink\27.1\org.w3.xlink-27.1.jar;D:\Hamza\JavaEE_development\JavaEEMvnRepository\.m2\repository\org\eclipse\emf\org.eclipse.emf.common\2.15.0\org.eclipse.emf.common-2.15.0.jar;D:\Hamza\JavaEE_development\JavaEEMvnRepository\.m2\repository\org\eclipse\emf\org.eclipse.emf.ecore\2.15.0\org.eclipse.emf.ecore-2.15.0.jar;D:\Hamza\JavaEE_development\JavaEEMvnRepository\.m2\repository\org\eclipse\emf\org.eclipse.emf.ecore.xmi\2.15.0\org.eclipse.emf.ecore.xmi-2.15.0.jar;D:\Hamza\JavaEE_development\JavaEEMvnRepository\.m2\repository\it\geosolutions\jgridshift\jgridshift-core\1.3\jgridshift-core-1.3.jar;D:\Hamza\JavaEE_development\JavaEEMvnRepository\.m2\repository\net\sf\geographiclib\GeographicLib-Java\1.49\GeographicLib-Java-1.49.jar;D:\Hamza\JavaEE_development\JavaEEMvnRepository\.m2\repository\org\springframework\data\spring-data-redis\2.7.2\spring-data-redis-2.7.2.jar;D:\Hamza\JavaEE_development\JavaEEMvnRepository\.m2\repository\org\springframework\data\spring-data-keyvalue\2.7.2\spring-data-keyvalue-2.7.2.jar;D:\Hamza\JavaEE_development\JavaEEMvnRepository\.m2\repository\org\springframework\data\spring-data-commons\2.7.2\spring-data-commons-2.7.2.jar;D:\Hamza\JavaEE_development\JavaEEMvnRepository\.m2\repository\org\springframework\spring-oxm\5.3.22\spring-oxm-5.3.22.jar;D:\Hamza\JavaEE_development\JavaEEMvnRepository\.m2\repository\org\springframework\spring-context-support\5.3.22\spring-context-support-5.3.22.jar;D:\Hamza\JavaEE_development\JavaEEMvnRepository\.m2\repository\io\lettuce\lettuce-core\6.2.0.RELEASE\lettuce-core-6.2.0.RELEASE.jar;D:\Hamza\JavaEE_development\JavaEEMvnRepository\.m2\repository\io\projectreactor\reactor-core\3.4.21\reactor-core-3.4.21.jar;D:\Hamza\JavaEE_development\JavaEEMvnRepository\.m2\repository\org\reactivestreams\reactive-streams\1.0.4\reactive-streams-1.0.4.jar;D:\Hamza\JavaEE_development\JavaEEMvnRepository\.m2\repository\com\lowagie\itext\2.1.7\itext-2.1.7.jar;D:\Hamza\JavaEE_development\JavaEEMvnRepository\.m2\repository\org\apache\commons\commons-math3\3.6.1\commons-math3-3.6.1.jar;D:\Hamza\JavaEE_development\JavaEEMvnRepository\.m2\repository\org\hibernate\validator\hibernate-validator\6.2.0.Final\hibernate-validator-6.2.0.Final.jar;D:\Hamza\JavaEE_development\JavaEEMvnRepository\.m2\repository\commons-io\commons-io\2.11.0\commons-io-2.11.0.jar;D:\Hamza\JavaEE_development\JavaEEMvnRepository\.m2\repository\org\apache\poi\poi\5.2.2\poi-5.2.2.jar;D:\Hamza\JavaEE_development\JavaEEMvnRepository\.m2\repository\com\zaxxer\SparseBitSet\1.2\SparseBitSet-1.2.jar;D:\Hamza\JavaEE_development\JavaEEMvnRepository\.m2\repository\org\thymeleaf\thymeleaf\3.1.1.RELEASE\thymeleaf-3.1.1.RELEASE.jar;D:\Hamza\JavaEE_development\JavaEEMvnRepository\.m2\repository\ognl\ognl\3.3.4\ognl-3.3.4.jar;D:\Hamza\JavaEE_development\JavaEEMvnRepository\.m2\repository\org\javassist\javassist\3.29.0-GA\javassist-3.29.0-GA.jar;D:\Hamza\JavaEE_development\JavaEEMvnRepository\.m2\repository\org\attoparser\attoparser\2.0.6.RELEASE\attoparser-2.0.6.RELEASE.jar;D:\Hamza\JavaEE_development\JavaEEMvnRepository\.m2\repository\org\unbescape\unbescape\1.1.6.RELEASE\unbescape-1.1.6.RELEASE.jar;D:\Hamza\JavaEE_development\JavaEEMvnRepository\.m2\repository\org\thymeleaf\thymeleaf-spring5\3.1.1.RELEASE\thymeleaf-spring5-3.1.1.RELEASE.jar;D:\Hamza\JavaEE_development\JavaEEMvnRepository\.m2\repository\javax\servlet\javax.servlet-api\4.0.1\javax.servlet-api-4.0.1.jar;D:\Hamza\JavaEE_development\JavaEEMvnRepository\.m2\repository\org\htmlparser\htmlparser\2.1\htmlparser-2.1.jar;D:\Hamza\JavaEE_development\JavaEEMvnRepository\.m2\repository\org\htmlparser\htmllexer\2.1\htmllexer-2.1.jar;D:\Hamza\JavaEE_development\JavaEEMvnRepository\.m2\repository\net\sourceforge\javacsv\javacsv\2.0\javacsv-2.0.jar;D:\Hamza\JavaEE_development\JavaEEMvnRepository\.m2\repository\com\mchange\c3p0\0.9.5.5\c3p0-0.9.5.5.jar;D:\Hamza\JavaEE_development\JavaEEMvnRepository\.m2\repository\com\mchange\mchange-commons-java\0.2.19\mchange-commons-java-0.2.19.jar;D:\Hamza\JavaEE_development\JavaEEMvnRepository\.m2\repository\commons-beanutils\commons-beanutils\1.9.4\commons-beanutils-1.9.4.jar;D:\Hamza\JavaEE_development\JavaEEMvnRepository\.m2\repository\org\apache\httpcomponents\httpclient\4.5.13\httpclient-4.5.13.jar;D:\Hamza\JavaEE_development\JavaEEMvnRepository\.m2\repository\org\apache\httpcomponents\httpcore\4.4.15\httpcore-4.4.15.jar;D:\Hamza\JavaEE_development\JavaEEMvnRepository\.m2\repository\io\micrometer\micrometer-registry-prometheus\1.9.3\micrometer-registry-prometheus-1.9.3.jar;D:\Hamza\JavaEE_development\JavaEEMvnRepository\.m2\repository\io\micrometer\micrometer-core\1.9.3\micrometer-core-1.9.3.jar;D:\Hamza\JavaEE_development\JavaEEMvnRepository\.m2\repository\org\hdrhistogram\HdrHistogram\2.1.12\HdrHistogram-2.1.12.jar;D:\Hamza\JavaEE_development\JavaEEMvnRepository\.m2\repository\org\latencyutils\LatencyUtils\2.0.3\LatencyUtils-2.0.3.jar;D:\Hamza\JavaEE_development\JavaEEMvnRepository\.m2\repository\io\prometheus\simpleclient_common\0.15.0\simpleclient_common-0.15.0.jar;D:\Hamza\JavaEE_development\JavaEEMvnRepository\.m2\repository\io\prometheus\simpleclient\0.15.0\simpleclient-0.15.0.jar;D:\Hamza\JavaEE_development\JavaEEMvnRepository\.m2\repository\io\prometheus\simpleclient_tracer_otel\0.15.0\simpleclient_tracer_otel-0.15.0.jar;D:\Hamza\JavaEE_development\JavaEEMvnRepository\.m2\repository\io\prometheus\simpleclient_tracer_common\0.15.0\simpleclient_tracer_common-0.15.0.jar;D:\Hamza\JavaEE_development\JavaEEMvnRepository\.m2\repository\io\prometheus\simpleclient_tracer_otel_agent\0.15.0\simpleclient_tracer_otel_agent-0.15.0.jar;D:\Hamza\Learn\my-projects\jhipster-projects\d2fsam\d2fsam-support\d2fsam-support-commons\target\d2fsam-support-commons-0.0.1-SNAPSHOT.jar;D:\Hamza\JavaEE_development\JavaEEMvnRepository\.m2\repository\org\apache\commons\commons-jexl\2.1.1\commons-jexl-2.1.1.jar;D:\Hamza\JavaEE_development\JavaEEMvnRepository\.m2\repository\org\apache\activemq\artemis-server\2.25.0\artemis-server-2.25.0.jar;D:\Hamza\JavaEE_development\JavaEEMvnRepository\.m2\repository\org\jboss\logging\jboss-logging\3.5.0.Final\jboss-logging-3.5.0.Final.jar;D:\Hamza\JavaEE_development\JavaEEMvnRepository\.m2\repository\org\jboss\logmanager\jboss-logmanager\2.1.18.Final\jboss-logmanager-2.1.18.Final.jar;D:\Hamza\JavaEE_development\JavaEEMvnRepository\.m2\repository\org\wildfly\common\wildfly-common\1.5.1.Final\wildfly-common-1.5.1.Final.jar;D:\Hamza\JavaEE_development\JavaEEMvnRepository\.m2\repository\org\apache\activemq\artemis-commons\2.25.0\artemis-commons-2.25.0.jar;D:\Hamza\JavaEE_development\JavaEEMvnRepository\.m2\repository\org\apache\activemq\artemis-selector\2.25.0\artemis-selector-2.25.0.jar;D:\Hamza\JavaEE_development\JavaEEMvnRepository\.m2\repository\org\apache\activemq\artemis-journal\2.25.0\artemis-journal-2.25.0.jar;D:\Hamza\JavaEE_development\JavaEEMvnRepository\.m2\repository\org\apache\activemq\artemis-jdbc-store\2.25.0\artemis-jdbc-store-2.25.0.jar;D:\Hamza\JavaEE_development\JavaEEMvnRepository\.m2\repository\org\apache\commons\commons-dbcp2\2.7.0\commons-dbcp2-2.7.0.jar;D:\Hamza\JavaEE_development\JavaEEMvnRepository\.m2\repository\org\apache\commons\commons-pool2\2.7.0\commons-pool2-2.7.0.jar;D:\Hamza\JavaEE_development\JavaEEMvnRepository\.m2\repository\org\apache\activemq\artemis-core-client\2.25.0\artemis-core-client-2.25.0.jar;D:\Hamza\JavaEE_development\JavaEEMvnRepository\.m2\repository\org\jgroups\jgroups\5.2.0.Final\jgroups-5.2.0.Final.jar;D:\Hamza\JavaEE_development\JavaEEMvnRepository\.m2\repository\org\apache\activemq\artemis-quorum-api\2.25.0\artemis-quorum-api-2.25.0.jar;D:\Hamza\JavaEE_development\JavaEEMvnRepository\.m2\repository\org\apache\activemq\activemq-artemis-native\1.0.2\activemq-artemis-native-1.0.2.jar;D:\Hamza\JavaEE_development\JavaEEMvnRepository\.m2\repository\org\jctools\jctools-core\2.1.2\jctools-core-2.1.2.jar;D:\Hamza\JavaEE_development\JavaEEMvnRepository\.m2\repository\org\apache\commons\commons-configuration2\2.8.0\commons-configuration2-2.8.0.jar;D:\Hamza\JavaEE_development\JavaEEMvnRepository\.m2\repository\org\apache\geronimo\specs\geronimo-jms_2.0_spec\1.0-alpha-2\geronimo-jms_2.0_spec-1.0-alpha-2.jar;D:\Hamza\JavaEE_development\JavaEEMvnRepository\.m2\repository\org\apache\activemq\artemis-jms-client\2.25.0\artemis-jms-client-2.25.0.jar;D:\Hamza\JavaEE_development\JavaEEMvnRepository\.m2\repository\io\netty\netty-all\4.1.81.Final\netty-all-4.1.81.Final.jar;D:\Hamza\JavaEE_development\JavaEEMvnRepository\.m2\repository\io\netty\netty-buffer\4.1.81.Final\netty-buffer-4.1.81.Final.jar;D:\Hamza\JavaEE_development\JavaEEMvnRepository\.m2\repository\io\netty\netty-codec\4.1.81.Final\netty-codec-4.1.81.Final.jar;D:\Hamza\JavaEE_development\JavaEEMvnRepository\.m2\repository\io\netty\netty-codec-dns\4.1.81.Final\netty-codec-dns-4.1.81.Final.jar;D:\Hamza\JavaEE_development\JavaEEMvnRepository\.m2\repository\io\netty\netty-codec-haproxy\4.1.81.Final\netty-codec-haproxy-4.1.81.Final.jar;D:\Hamza\JavaEE_development\JavaEEMvnRepository\.m2\repository\io\netty\netty-codec-http\4.1.81.Final\netty-codec-http-4.1.81.Final.jar;D:\Hamza\JavaEE_development\JavaEEMvnRepository\.m2\repository\io\netty\netty-codec-http2\4.1.81.Final\netty-codec-http2-4.1.81.Final.jar;D:\Hamza\JavaEE_development\JavaEEMvnRepository\.m2\repository\io\netty\netty-codec-memcache\4.1.81.Final\netty-codec-memcache-4.1.81.Final.jar;D:\Hamza\JavaEE_development\JavaEEMvnRepository\.m2\repository\io\netty\netty-codec-mqtt\4.1.81.Final\netty-codec-mqtt-4.1.81.Final.jar;D:\Hamza\JavaEE_development\JavaEEMvnRepository\.m2\repository\io\netty\netty-codec-redis\4.1.81.Final\netty-codec-redis-4.1.81.Final.jar;D:\Hamza\JavaEE_development\JavaEEMvnRepository\.m2\repository\io\netty\netty-codec-smtp\4.1.81.Final\netty-codec-smtp-4.1.81.Final.jar;D:\Hamza\JavaEE_development\JavaEEMvnRepository\.m2\repository\io\netty\netty-codec-socks\4.1.81.Final\netty-codec-socks-4.1.81.Final.jar;D:\Hamza\JavaEE_development\JavaEEMvnRepository\.m2\repository\io\netty\netty-codec-stomp\4.1.81.Final\netty-codec-stomp-4.1.81.Final.jar;D:\Hamza\JavaEE_development\JavaEEMvnRepository\.m2\repository\io\netty\netty-codec-xml\4.1.81.Final\netty-codec-xml-4.1.81.Final.jar;D:\Hamza\JavaEE_development\JavaEEMvnRepository\.m2\repository\io\netty\netty-common\4.1.81.Final\netty-common-4.1.81.Final.jar;D:\Hamza\JavaEE_development\JavaEEMvnRepository\.m2\repository\io\netty\netty-handler\4.1.81.Final\netty-handler-4.1.81.Final.jar;D:\Hamza\JavaEE_development\JavaEEMvnRepository\.m2\repository\io\netty\netty-transport-native-unix-common\4.1.81.Final\netty-transport-native-unix-common-4.1.81.Final.jar;D:\Hamza\JavaEE_development\JavaEEMvnRepository\.m2\repository\io\netty\netty-handler-proxy\4.1.81.Final\netty-handler-proxy-4.1.81.Final.jar;D:\Hamza\JavaEE_development\JavaEEMvnRepository\.m2\repository\io\netty\netty-resolver\4.1.81.Final\netty-resolver-4.1.81.Final.jar;D:\Hamza\JavaEE_development\JavaEEMvnRepository\.m2\repository\io\netty\netty-resolver-dns\4.1.81.Final\netty-resolver-dns-4.1.81.Final.jar;D:\Hamza\JavaEE_development\JavaEEMvnRepository\.m2\repository\io\netty\netty-transport\4.1.81.Final\netty-transport-4.1.81.Final.jar;D:\Hamza\JavaEE_development\JavaEEMvnRepository\.m2\repository\io\netty\netty-transport-rxtx\4.1.81.Final\netty-transport-rxtx-4.1.81.Final.jar;D:\Hamza\JavaEE_development\JavaEEMvnRepository\.m2\repository\io\netty\netty-transport-sctp\4.1.81.Final\netty-transport-sctp-4.1.81.Final.jar;D:\Hamza\JavaEE_development\JavaEEMvnRepository\.m2\repository\io\netty\netty-transport-udt\4.1.81.Final\netty-transport-udt-4.1.81.Final.jar;D:\Hamza\JavaEE_development\JavaEEMvnRepository\.m2\repository\io\netty\netty-transport-classes-epoll\4.1.81.Final\netty-transport-classes-epoll-4.1.81.Final.jar;D:\Hamza\JavaEE_development\JavaEEMvnRepository\.m2\repository\io\netty\netty-transport-classes-kqueue\4.1.81.Final\netty-transport-classes-kqueue-4.1.81.Final.jar;D:\Hamza\JavaEE_development\JavaEEMvnRepository\.m2\repository\io\netty\netty-resolver-dns-classes-macos\4.1.81.Final\netty-resolver-dns-classes-macos-4.1.81.Final.jar;D:\Hamza\JavaEE_development\JavaEEMvnRepository\.m2\repository\io\netty\netty-transport-native-epoll\4.1.81.Final\netty-transport-native-epoll-4.1.81.Final-linux-x86_64.jar;D:\Hamza\JavaEE_development\JavaEEMvnRepository\.m2\repository\io\netty\netty-transport-native-epoll\4.1.81.Final\netty-transport-native-epoll-4.1.81.Final-linux-aarch_64.jar;D:\Hamza\JavaEE_development\JavaEEMvnRepository\.m2\repository\io\netty\netty-transport-native-kqueue\4.1.81.Final\netty-transport-native-kqueue-4.1.81.Final-osx-x86_64.jar;D:\Hamza\JavaEE_development\JavaEEMvnRepository\.m2\repository\io\netty\netty-transport-native-kqueue\4.1.81.Final\netty-transport-native-kqueue-4.1.81.Final-osx-aarch_64.jar;D:\Hamza\JavaEE_development\JavaEEMvnRepository\.m2\repository\io\netty\netty-resolver-dns-native-macos\4.1.81.Final\netty-resolver-dns-native-macos-4.1.81.Final-osx-x86_64.jar;D:\Hamza\JavaEE_development\JavaEEMvnRepository\.m2\repository\io\netty\netty-resolver-dns-native-macos\4.1.81.Final\netty-resolver-dns-native-macos-4.1.81.Final-osx-aarch_64.jar;D:\Hamza\JavaEE_development\JavaEEMvnRepository\.m2\repository\org\springframework\spring-jms\5.3.22\spring-jms-5.3.22.jar;D:\Hamza\JavaEE_development\JavaEEMvnRepository\.m2\repository\org\springframework\spring-messaging\5.3.22\spring-messaging-5.3.22.jar;D:\Hamza\JavaEE_development\JavaEEMvnRepository\.m2\repository\org\projectlombok\lombok\1.18.24\lombok-1.18.24.jar;D:\Hamza\JavaEE_development\JavaEEMvnRepository\.m2\repository\org\hibernate\hibernate-core\5.6.11.Final\hibernate-core-5.6.11.Final.jar;D:\Hamza\JavaEE_development\JavaEEMvnRepository\.m2\repository\net\bytebuddy\byte-buddy\1.12.9\byte-buddy-1.12.9.jar;D:\Hamza\JavaEE_development\JavaEEMvnRepository\.m2\repository\antlr\antlr\2.7.7\antlr-2.7.7.jar;D:\Hamza\JavaEE_development\JavaEEMvnRepository\.m2\repository\org\jboss\jandex\2.4.2.Final\jandex-2.4.2.Final.jar;D:\Hamza\JavaEE_development\JavaEEMvnRepository\.m2\repository\com\fasterxml\classmate\1.5.1\classmate-1.5.1.jar;D:\Hamza\JavaEE_development\JavaEEMvnRepository\.m2\repository\javax\activation\javax.activation-api\1.2.0\javax.activation-api-1.2.0.jar;D:\Hamza\JavaEE_development\JavaEEMvnRepository\.m2\repository\org\hibernate\common\hibernate-commons-annotations\5.1.2.Final\hibernate-commons-annotations-5.1.2.Final.jar;D:\Hamza\JavaEE_development\JavaEEMvnRepository\.m2\repository\org\glassfish\jaxb\jaxb-runtime\2.3.1\jaxb-runtime-2.3.1.jar;D:\Hamza\JavaEE_development\JavaEEMvnRepository\.m2\repository\org\glassfish\jaxb\txw2\2.3.1\txw2-2.3.1.jar;D:\Hamza\JavaEE_development\JavaEEMvnRepository\.m2\repository\com\sun\istack\istack-commons-runtime\3.0.7\istack-commons-runtime-3.0.7.jar;D:\Hamza\JavaEE_development\JavaEEMvnRepository\.m2\repository\org\jvnet\staxex\stax-ex\1.8\stax-ex-1.8.jar;D:\Hamza\JavaEE_development\JavaEEMvnRepository\.m2\repository\com\sun\xml\fastinfoset\FastInfoset\1.2.15\FastInfoset-1.2.15.jar;D:\Hamza\JavaEE_development\JavaEEMvnRepository\.m2\repository\org\springframework\spring-context\5.3.22\spring-context-5.3.22.jar;D:\Hamza\JavaEE_development\JavaEEMvnRepository\.m2\repository\org\springframework\spring-aop\5.3.22\spring-aop-5.3.22.jar;D:\Hamza\JavaEE_development\JavaEEMvnRepository\.m2\repository\org\springframework\spring-expression\5.3.22\spring-expression-5.3.22.jar;D:\Hamza\JavaEE_development\JavaEEMvnRepository\.m2\repository\org\springframework\spring-core\5.3.22\spring-core-5.3.22.jar;D:\Hamza\JavaEE_development\JavaEEMvnRepository\.m2\repository\org\springframework\spring-jcl\5.3.22\spring-jcl-5.3.22.jar;D:\Hamza\JavaEE_development\JavaEEMvnRepository\.m2\repository\org\springframework\spring-beans\5.3.22\spring-beans-5.3.22.jar;D:\Hamza\JavaEE_development\JavaEEMvnRepository\.m2\repository\com\fasterxml\jackson\core\jackson-annotations\2.13.4\jackson-annotations-2.13.4.jar;D:\Hamza\JavaEE_development\JavaEEMvnRepository\.m2\repository\com\fasterxml\jackson\dataformat\jackson-dataformat-xml\2.13.4\jackson-dataformat-xml-2.13.4.jar;D:\Hamza\JavaEE_development\JavaEEMvnRepository\.m2\repository\org\codehaus\woodstox\stax2-api\4.2.1\stax2-api-4.2.1.jar;D:\Hamza\JavaEE_development\JavaEEMvnRepository\.m2\repository\com\fasterxml\woodstox\woodstox-core\6.3.1\woodstox-core-6.3.1.jar;D:\Hamza\JavaEE_development\JavaEEMvnRepository\.m2\repository\com\fasterxml\jackson\core\jackson-core\2.13.4\jackson-core-2.13.4.jar;D:\Hamza\JavaEE_development\JavaEEMvnRepository\.m2\repository\com\fasterxml\jackson\core\jackson-databind\2.13.4\jackson-databind-2.13.4.jar;D:\Hamza\JavaEE_development\JavaEEMvnRepository\.m2\repository\org\slf4j\slf4j-api\1.7.36\slf4j-api-1.7.36.jar;D:\Hamza\JavaEE_development\JavaEEMvnRepository\.m2\repository\org\apache\logging\log4j\log4j-slf4j-impl\2.18.0\log4j-slf4j-impl-2.18.0.jar;D:\Hamza\JavaEE_development\JavaEEMvnRepository\.m2\repository\org\apache\logging\log4j\log4j-api\2.18.0\log4j-api-2.18.0.jar;D:\Hamza\JavaEE_development\JavaEEMvnRepository\.m2\repository\org\apache\logging\log4j\log4j-core\2.18.0\log4j-core-2.18.0.jar;D:\Hamza\JavaEE_development\JavaEEMvnRepository\.m2\repository\javax\annotation\javax.annotation-api\1.3.2\javax.annotation-api-1.3.2.jar;D:\Hamza\JavaEE_development\JavaEEMvnRepository\.m2\repository\org\apache\commons\commons-lang3\3.12.0\commons-lang3-3.12.0.jar;D:\Hamza\JavaEE_development\JavaEEMvnRepository\.m2\repository\javax\persistence\javax.persistence-api\2.2\javax.persistence-api-2.2.jar;D:\Hamza\JavaEE_development\JavaEEMvnRepository\.m2\repository\com\google\guava\guava\31.1-jre\guava-31.1-jre.jar;D:\Hamza\JavaEE_development\JavaEEMvnRepository\.m2\repository\com\google\guava\failureaccess\1.0.1\failureaccess-1.0.1.jar;D:\Hamza\JavaEE_development\JavaEEMvnRepository\.m2\repository\com\google\guava\listenablefuture\9999.0-empty-to-avoid-conflict-with-guava\listenablefuture-9999.0-empty-to-avoid-conflict-with-guava.jar;D:\Hamza\JavaEE_development\JavaEEMvnRepository\.m2\repository\org\checkerframework\checker-qual\3.12.0\checker-qual-3.12.0.jar;D:\Hamza\JavaEE_development\JavaEEMvnRepository\.m2\repository\com\google\errorprone\error_prone_annotations\2.11.0\error_prone_annotations-2.11.0.jar;D:\Hamza\JavaEE_development\JavaEEMvnRepository\.m2\repository\com\google\j2objc\j2objc-annotations\1.3\j2objc-annotations-1.3.jar;D:\Hamza\JavaEE_development\JavaEEMvnRepository\.m2\repository\org\hamcrest\hamcrest\2.2\hamcrest-2.2.jar;D:\Hamza\JavaEE_development\JavaEEMvnRepository\.m2\repository\org\junit\jupiter\junit-jupiter\5.9.0\junit-jupiter-5.9.0.jar;D:\Hamza\JavaEE_development\JavaEEMvnRepository\.m2\repository\org\junit\jupiter\junit-jupiter-api\5.9.0\junit-jupiter-api-5.9.0.jar;D:\Hamza\JavaEE_development\JavaEEMvnRepository\.m2\repository\org\opentest4j\opentest4j\1.2.0\opentest4j-1.2.0.jar;D:\Hamza\JavaEE_development\JavaEEMvnRepository\.m2\repository\org\junit\platform\junit-platform-commons\1.9.0\junit-platform-commons-1.9.0.jar;D:\Hamza\JavaEE_development\JavaEEMvnRepository\.m2\repository\org\apiguardian\apiguardian-api\1.1.2\apiguardian-api-1.1.2.jar;D:\Hamza\JavaEE_development\JavaEEMvnRepository\.m2\repository\org\junit\jupiter\junit-jupiter-params\5.9.0\junit-jupiter-params-5.9.0.jar;D:\Hamza\JavaEE_development\JavaEEMvnRepository\.m2\repository\org\junit\jupiter\junit-jupiter-engine\5.9.0\junit-jupiter-engine-5.9.0.jar;D:\Hamza\JavaEE_development\JavaEEMvnRepository\.m2\repository\org\junit\platform\junit-platform-engine\1.9.0\junit-platform-engine-1.9.0.jar;D:\Hamza\JavaEE_development\JavaEEMvnRepository\.m2\repository\org\mockito\mockito-core\4.8.0\mockito-core-4.8.0.jar;D:\Hamza\JavaEE_development\JavaEEMvnRepository\.m2\repository\net\bytebuddy\byte-buddy-agent\1.12.14\byte-buddy-agent-1.12.14.jar;D:\Hamza\JavaEE_development\JavaEEMvnRepository\.m2\repository\org\objenesis\objenesis\3.2\objenesis-3.2.jar;D:\Hamza\JavaEE_development\JavaEEMvnRepository\.m2\repository\org\mockito\mockito-junit-jupiter\4.8.0\mockito-junit-jupiter-4.8.0.jar;D:\Hamza\JavaEE_development\JavaEEMvnRepository\.m2\repository\com\google\code\findbugs\jsr305\3.0.2\jsr305-3.0.2.jar;"/>
    <property name="java.vm.vendor" value="Oracle Corporation"/>
    <property name="sun.arch.data.model" value="64"/>
    <property name="user.variant" value=""/>
    <property name="log4j2.configurationFile" value="log4j2-test.xml"/>
    <property name="java.vendor.url" value="https://openjdk.java.net/"/>
    <property name="user.timezone" value="Asia/Baghdad"/>
    <property name="java.vm.specification.version" value="11"/>
    <property name="os.name" value="Windows 10"/>
    <property name="sun.java.launcher" value="SUN_STANDARD"/>
    <property name="user.country" value="US"/>
    <property name="sun.boot.library.path" value="C:\Program Files\Java\jdk-11.0.10\bin"/>
    <property name="sun.java.command" value="C:\Users\Hamza\AppData\Local\Temp\surefire13471977362982786333\surefirebooter-20230304013032795_32.jar C:\Users\Hamza\AppData\Local\Temp\surefire13471977362982786333 2023-03-04T01-28-43_739-jvmRun1 surefire-20230304013032795_30tmp surefire_8-20230304013032795_31tmp"/>
    <property name="jdk.debug" value="release"/>
    <property name="surefire.test.class.path" value="D:\Hamza\Learn\my-projects\jhipster-projects\d2fsam\d2fsam-support\d2fsam-support-artemis\target\test-classes;D:\Hamza\Learn\my-projects\jhipster-projects\d2fsam\d2fsam-support\d2fsam-support-artemis\target\classes;D:\Hamza\Learn\my-projects\jhipster-projects\d2fsam\d2fsam-api\target\d2fsam-api-0.0.1-SNAPSHOT.jar;D:\Hamza\JavaEE_development\JavaEEMvnRepository\.m2\repository\org\apache\commons\commons-collections4\4.4\commons-collections4-4.4.jar;D:\Hamza\JavaEE_development\JavaEEMvnRepository\.m2\repository\net\sf\jasperreports\jasperreports\6.20.0\jasperreports-6.20.0.jar;D:\Hamza\JavaEE_development\JavaEEMvnRepository\.m2\repository\commons-digester\commons-digester\2.1\commons-digester-2.1.jar;D:\Hamza\JavaEE_development\JavaEEMvnRepository\.m2\repository\org\jfree\jfreechart\1.5.3\jfreechart-1.5.3.jar;D:\Hamza\JavaEE_development\JavaEEMvnRepository\.m2\repository\org\eclipse\jdt\ecj\3.21.0\ecj-3.21.0.jar;D:\Hamza\JavaEE_development\JavaEEMvnRepository\.m2\repository\com\graphhopper\external\jackson-datatype-jts\1.0-2.7\jackson-datatype-jts-1.0-2.7.jar;D:\Hamza\JavaEE_development\JavaEEMvnRepository\.m2\repository\org\springframework\spring-jdbc\5.3.22\spring-jdbc-5.3.22.jar;D:\Hamza\JavaEE_development\JavaEEMvnRepository\.m2\repository\org\springframework\spring-tx\5.3.22\spring-tx-5.3.22.jar;D:\Hamza\JavaEE_development\JavaEEMvnRepository\.m2\repository\org\cache2k\cache2k-api\1.6.0.Final\cache2k-api-1.6.0.Final.jar;D:\Hamza\JavaEE_development\JavaEEMvnRepository\.m2\repository\org\cache2k\cache2k-core\1.6.0.Final\cache2k-core-1.6.0.Final.jar;D:\Hamza\JavaEE_development\JavaEEMvnRepository\.m2\repository\joda-time\joda-time\2.11.1\joda-time-2.11.1.jar;D:\Hamza\JavaEE_development\JavaEEMvnRepository\.m2\repository\javax\validation\validation-api\2.0.1.Final\validation-api-2.0.1.Final.jar;D:\Hamza\JavaEE_development\JavaEEMvnRepository\.m2\repository\org\hisp\dhis\rules\rule-engine\2.0.42\rule-engine-2.0.42.jar;D:\Hamza\JavaEE_development\JavaEEMvnRepository\.m2\repository\nl\jqno\equalsverifier\equalsverifier\2.1.6\equalsverifier-2.1.6.jar;D:\Hamza\JavaEE_development\JavaEEMvnRepository\.m2\repository\org\springframework\security\spring-security-core\5.7.3\spring-security-core-5.7.3.jar;D:\Hamza\JavaEE_development\JavaEEMvnRepository\.m2\repository\org\springframework\security\spring-security-crypto\5.7.3\spring-security-crypto-5.7.3.jar;D:\Hamza\JavaEE_development\JavaEEMvnRepository\.m2\repository\commons-codec\commons-codec\1.15\commons-codec-1.15.jar;D:\Hamza\JavaEE_development\JavaEEMvnRepository\.m2\repository\org\locationtech\jts\jts-core\1.19.0\jts-core-1.19.0.jar;D:\Hamza\JavaEE_development\JavaEEMvnRepository\.m2\repository\org\locationtech\jts\io\jts-io-common\1.19.0\jts-io-common-1.19.0.jar;D:\Hamza\JavaEE_development\JavaEEMvnRepository\.m2\repository\com\googlecode\json-simple\json-simple\1.1.1\json-simple-1.1.1.jar;D:\Hamza\JavaEE_development\JavaEEMvnRepository\.m2\repository\org\geotools\gt-geojson\27.1\gt-geojson-27.1.jar;D:\Hamza\JavaEE_development\JavaEEMvnRepository\.m2\repository\org\geotools\gt-main\27.1\gt-main-27.1.jar;D:\Hamza\JavaEE_development\JavaEEMvnRepository\.m2\repository\org\geotools\gt-http\27.1\gt-http-27.1.jar;D:\Hamza\JavaEE_development\JavaEEMvnRepository\.m2\repository\com\google\re2j\re2j\1.6\re2j-1.6.jar;D:\Hamza\JavaEE_development\JavaEEMvnRepository\.m2\repository\javax\media\jai_core\1.1.3\jai_core-1.1.3.jar;D:\Hamza\JavaEE_development\JavaEEMvnRepository\.m2\repository\javax\xml\bind\jaxb-api\2.4.0-b180830.0359\jaxb-api-2.4.0-b180830.0359.jar;D:\Hamza\JavaEE_development\JavaEEMvnRepository\.m2\repository\org\geotools\gt-opengis\27.1\gt-opengis-27.1.jar;D:\Hamza\JavaEE_development\JavaEEMvnRepository\.m2\repository\commons-pool\commons-pool\1.5.4\commons-pool-1.5.4.jar;D:\Hamza\JavaEE_development\JavaEEMvnRepository\.m2\repository\systems\uom\systems-common\2.0.2\systems-common-2.0.2.jar;D:\Hamza\JavaEE_development\JavaEEMvnRepository\.m2\repository\javax\measure\unit-api\2.0\unit-api-2.0.jar;D:\Hamza\JavaEE_development\JavaEEMvnRepository\.m2\repository\tech\units\indriya\2.0.2\indriya-2.0.2.jar;D:\Hamza\JavaEE_development\JavaEEMvnRepository\.m2\repository\tech\uom\lib\uom-lib-common\2.0\uom-lib-common-2.0.jar;D:\Hamza\JavaEE_development\JavaEEMvnRepository\.m2\repository\javax\inject\javax.inject\1\javax.inject-1.jar;D:\Hamza\JavaEE_development\JavaEEMvnRepository\.m2\repository\si\uom\si-quantity\2.0.1\si-quantity-2.0.1.jar;D:\Hamza\JavaEE_development\JavaEEMvnRepository\.m2\repository\si\uom\si-units\2.0.1\si-units-2.0.1.jar;D:\Hamza\JavaEE_development\JavaEEMvnRepository\.m2\repository\com\fasterxml\jackson\dataformat\jackson-dataformat-csv\2.13.4\jackson-dataformat-csv-2.13.4.jar;D:\Hamza\JavaEE_development\JavaEEMvnRepository\.m2\repository\com\fasterxml\jackson\datatype\jackson-datatype-jdk8\2.13.4\jackson-datatype-jdk8-2.13.4.jar;D:\Hamza\JavaEE_development\JavaEEMvnRepository\.m2\repository\com\fasterxml\jackson\datatype\jackson-datatype-hibernate5\2.13.4\jackson-datatype-hibernate5-2.13.4.jar;D:\Hamza\JavaEE_development\JavaEEMvnRepository\.m2\repository\javax\transaction\javax.transaction-api\1.3\javax.transaction-api-1.3.jar;D:\Hamza\JavaEE_development\JavaEEMvnRepository\.m2\repository\com\fasterxml\jackson\datatype\jackson-datatype-jsr310\2.13.4\jackson-datatype-jsr310-2.13.4.jar;D:\Hamza\JavaEE_development\JavaEEMvnRepository\.m2\repository\org\postgresql\postgresql\42.5.0\postgresql-42.5.0.jar;D:\Hamza\Learn\my-projects\jhipster-projects\d2fsam\d2fsam-services\d2fsam-service-schema\target\d2fsam-service-schema-0.0.1-SNAPSHOT.jar;D:\Hamza\JavaEE_development\JavaEEMvnRepository\.m2\repository\commons-validator\commons-validator\1.7\commons-validator-1.7.jar;D:\Hamza\JavaEE_development\JavaEEMvnRepository\.m2\repository\commons-collections\commons-collections\3.2.2\commons-collections-3.2.2.jar;D:\Hamza\Learn\my-projects\jhipster-projects\d2fsam\d2fsam-support\d2fsam-support-hibernate\target\d2fsam-support-hibernate-0.0.1-SNAPSHOT.jar;D:\Hamza\JavaEE_development\JavaEEMvnRepository\.m2\repository\org\hibernate\hibernate-spatial\5.6.11.Final\hibernate-spatial-5.6.11.Final.jar;D:\Hamza\JavaEE_development\JavaEEMvnRepository\.m2\repository\org\geolatte\geolatte-geom\1.8.2\geolatte-geom-1.8.2.jar;D:\Hamza\JavaEE_development\JavaEEMvnRepository\.m2\repository\org\hibernate\hibernate-ehcache\5.6.11.Final\hibernate-ehcache-5.6.11.Final.jar;D:\Hamza\JavaEE_development\JavaEEMvnRepository\.m2\repository\net\sf\ehcache\ehcache\2.10.6\ehcache-2.10.6.jar;D:\Hamza\JavaEE_development\JavaEEMvnRepository\.m2\repository\com\vladmihalcea\hibernate-types-52\2.19.1\hibernate-types-52-2.19.1.jar;D:\Hamza\JavaEE_development\JavaEEMvnRepository\.m2\repository\com\zaxxer\HikariCP\5.0.1\HikariCP-5.0.1.jar;D:\Hamza\JavaEE_development\JavaEEMvnRepository\.m2\repository\org\jasypt\jasypt\1.9.3\jasypt-1.9.3.jar;D:\Hamza\JavaEE_development\JavaEEMvnRepository\.m2\repository\com\h2database\h2\2.1.214\h2-2.1.214.jar;D:\Hamza\JavaEE_development\JavaEEMvnRepository\.m2\repository\net\ttddyy\datasource-proxy\1.8\datasource-proxy-1.8.jar;D:\Hamza\JavaEE_development\JavaEEMvnRepository\.m2\repository\org\springframework\spring-orm\5.3.22\spring-orm-5.3.22.jar;D:\Hamza\JavaEE_development\JavaEEMvnRepository\.m2\repository\org\bouncycastle\bcprov-jdk15on\1.70\bcprov-jdk15on-1.70.jar;D:\Hamza\Learn\my-projects\jhipster-projects\d2fsam\d2fsam-support\d2fsam-support-external\target\d2fsam-support-external-0.0.1-SNAPSHOT.jar;D:\Hamza\JavaEE_development\JavaEEMvnRepository\.m2\repository\org\apache\commons\commons-text\1.9\commons-text-1.9.jar;D:\Hamza\JavaEE_development\JavaEEMvnRepository\.m2\repository\com\google\api-client\google-api-client\2.0.0\google-api-client-2.0.0.jar;D:\Hamza\JavaEE_development\JavaEEMvnRepository\.m2\repository\com\google\oauth-client\google-oauth-client\1.34.1\google-oauth-client-1.34.1.jar;D:\Hamza\JavaEE_development\JavaEEMvnRepository\.m2\repository\com\google\http-client\google-http-client-gson\1.42.1\google-http-client-gson-1.42.1.jar;D:\Hamza\JavaEE_development\JavaEEMvnRepository\.m2\repository\com\google\code\gson\gson\2.8.9\gson-2.8.9.jar;D:\Hamza\JavaEE_development\JavaEEMvnRepository\.m2\repository\com\google\http-client\google-http-client-apache-v2\1.42.1\google-http-client-apache-v2-1.42.1.jar;D:\Hamza\JavaEE_development\JavaEEMvnRepository\.m2\repository\com\google\http-client\google-http-client\1.42.1\google-http-client-1.42.1.jar;D:\Hamza\JavaEE_development\JavaEEMvnRepository\.m2\repository\io\opencensus\opencensus-api\0.31.1\opencensus-api-0.31.1.jar;D:\Hamza\JavaEE_development\JavaEEMvnRepository\.m2\repository\io\grpc\grpc-context\1.27.2\grpc-context-1.27.2.jar;D:\Hamza\JavaEE_development\JavaEEMvnRepository\.m2\repository\io\opencensus\opencensus-contrib-http-util\0.31.1\opencensus-contrib-http-util-0.31.1.jar;D:\Hamza\Learn\my-projects\jhipster-projects\d2fsam\d2fsam-support\d2fsam-support-system\target\d2fsam-support-system-0.0.1-SNAPSHOT.jar;D:\Hamza\Learn\my-projects\jhipster-projects\d2fsam\d2fsam-support\d2fsam-support-db-migration\target\d2fsam-support-db-migration-0.0.1-SNAPSHOT.jar;D:\Hamza\JavaEE_development\JavaEEMvnRepository\.m2\repository\org\liquibase\liquibase-core\4.15.0\liquibase-core-4.15.0.jar;D:\Hamza\JavaEE_development\JavaEEMvnRepository\.m2\repository\org\yaml\snakeyaml\1.27\snakeyaml-1.27.jar;D:\Hamza\JavaEE_development\JavaEEMvnRepository\.m2\repository\com\opencsv\opencsv\5.6\opencsv-5.6.jar;D:\Hamza\JavaEE_development\JavaEEMvnRepository\.m2\repository\org\springframework\spring-web\5.3.22\spring-web-5.3.22.jar;D:\Hamza\JavaEE_development\JavaEEMvnRepository\.m2\repository\org\geotools\gt-referencing\27.1\gt-referencing-27.1.jar;D:\Hamza\JavaEE_development\JavaEEMvnRepository\.m2\repository\org\ejml\ejml-ddense\0.34\ejml-ddense-0.34.jar;D:\Hamza\JavaEE_development\JavaEEMvnRepository\.m2\repository\org\ejml\ejml-core\0.34\ejml-core-0.34.jar;D:\Hamza\JavaEE_development\JavaEEMvnRepository\.m2\repository\org\geotools\gt-metadata\27.1\gt-metadata-27.1.jar;D:\Hamza\JavaEE_development\JavaEEMvnRepository\.m2\repository\org\geotools\ogc\net.opengis.ows\27.1\net.opengis.ows-27.1.jar;D:\Hamza\JavaEE_development\JavaEEMvnRepository\.m2\repository\org\geotools\ogc\org.w3.xlink\27.1\org.w3.xlink-27.1.jar;D:\Hamza\JavaEE_development\JavaEEMvnRepository\.m2\repository\org\eclipse\emf\org.eclipse.emf.common\2.15.0\org.eclipse.emf.common-2.15.0.jar;D:\Hamza\JavaEE_development\JavaEEMvnRepository\.m2\repository\org\eclipse\emf\org.eclipse.emf.ecore\2.15.0\org.eclipse.emf.ecore-2.15.0.jar;D:\Hamza\JavaEE_development\JavaEEMvnRepository\.m2\repository\org\eclipse\emf\org.eclipse.emf.ecore.xmi\2.15.0\org.eclipse.emf.ecore.xmi-2.15.0.jar;D:\Hamza\JavaEE_development\JavaEEMvnRepository\.m2\repository\it\geosolutions\jgridshift\jgridshift-core\1.3\jgridshift-core-1.3.jar;D:\Hamza\JavaEE_development\JavaEEMvnRepository\.m2\repository\net\sf\geographiclib\GeographicLib-Java\1.49\GeographicLib-Java-1.49.jar;D:\Hamza\JavaEE_development\JavaEEMvnRepository\.m2\repository\org\springframework\data\spring-data-redis\2.7.2\spring-data-redis-2.7.2.jar;D:\Hamza\JavaEE_development\JavaEEMvnRepository\.m2\repository\org\springframework\data\spring-data-keyvalue\2.7.2\spring-data-keyvalue-2.7.2.jar;D:\Hamza\JavaEE_development\JavaEEMvnRepository\.m2\repository\org\springframework\data\spring-data-commons\2.7.2\spring-data-commons-2.7.2.jar;D:\Hamza\JavaEE_development\JavaEEMvnRepository\.m2\repository\org\springframework\spring-oxm\5.3.22\spring-oxm-5.3.22.jar;D:\Hamza\JavaEE_development\JavaEEMvnRepository\.m2\repository\org\springframework\spring-context-support\5.3.22\spring-context-support-5.3.22.jar;D:\Hamza\JavaEE_development\JavaEEMvnRepository\.m2\repository\io\lettuce\lettuce-core\6.2.0.RELEASE\lettuce-core-6.2.0.RELEASE.jar;D:\Hamza\JavaEE_development\JavaEEMvnRepository\.m2\repository\io\projectreactor\reactor-core\3.4.21\reactor-core-3.4.21.jar;D:\Hamza\JavaEE_development\JavaEEMvnRepository\.m2\repository\org\reactivestreams\reactive-streams\1.0.4\reactive-streams-1.0.4.jar;D:\Hamza\JavaEE_development\JavaEEMvnRepository\.m2\repository\com\lowagie\itext\2.1.7\itext-2.1.7.jar;D:\Hamza\JavaEE_development\JavaEEMvnRepository\.m2\repository\org\apache\commons\commons-math3\3.6.1\commons-math3-3.6.1.jar;D:\Hamza\JavaEE_development\JavaEEMvnRepository\.m2\repository\org\hibernate\validator\hibernate-validator\6.2.0.Final\hibernate-validator-6.2.0.Final.jar;D:\Hamza\JavaEE_development\JavaEEMvnRepository\.m2\repository\commons-io\commons-io\2.11.0\commons-io-2.11.0.jar;D:\Hamza\JavaEE_development\JavaEEMvnRepository\.m2\repository\org\apache\poi\poi\5.2.2\poi-5.2.2.jar;D:\Hamza\JavaEE_development\JavaEEMvnRepository\.m2\repository\com\zaxxer\SparseBitSet\1.2\SparseBitSet-1.2.jar;D:\Hamza\JavaEE_development\JavaEEMvnRepository\.m2\repository\org\thymeleaf\thymeleaf\3.1.1.RELEASE\thymeleaf-3.1.1.RELEASE.jar;D:\Hamza\JavaEE_development\JavaEEMvnRepository\.m2\repository\ognl\ognl\3.3.4\ognl-3.3.4.jar;D:\Hamza\JavaEE_development\JavaEEMvnRepository\.m2\repository\org\javassist\javassist\3.29.0-GA\javassist-3.29.0-GA.jar;D:\Hamza\JavaEE_development\JavaEEMvnRepository\.m2\repository\org\attoparser\attoparser\2.0.6.RELEASE\attoparser-2.0.6.RELEASE.jar;D:\Hamza\JavaEE_development\JavaEEMvnRepository\.m2\repository\org\unbescape\unbescape\1.1.6.RELEASE\unbescape-1.1.6.RELEASE.jar;D:\Hamza\JavaEE_development\JavaEEMvnRepository\.m2\repository\org\thymeleaf\thymeleaf-spring5\3.1.1.RELEASE\thymeleaf-spring5-3.1.1.RELEASE.jar;D:\Hamza\JavaEE_development\JavaEEMvnRepository\.m2\repository\javax\servlet\javax.servlet-api\4.0.1\javax.servlet-api-4.0.1.jar;D:\Hamza\JavaEE_development\JavaEEMvnRepository\.m2\repository\org\htmlparser\htmlparser\2.1\htmlparser-2.1.jar;D:\Hamza\JavaEE_development\JavaEEMvnRepository\.m2\repository\org\htmlparser\htmllexer\2.1\htmllexer-2.1.jar;D:\Hamza\JavaEE_development\JavaEEMvnRepository\.m2\repository\net\sourceforge\javacsv\javacsv\2.0\javacsv-2.0.jar;D:\Hamza\JavaEE_development\JavaEEMvnRepository\.m2\repository\com\mchange\c3p0\0.9.5.5\c3p0-0.9.5.5.jar;D:\Hamza\JavaEE_development\JavaEEMvnRepository\.m2\repository\com\mchange\mchange-commons-java\0.2.19\mchange-commons-java-0.2.19.jar;D:\Hamza\JavaEE_development\JavaEEMvnRepository\.m2\repository\commons-beanutils\commons-beanutils\1.9.4\commons-beanutils-1.9.4.jar;D:\Hamza\JavaEE_development\JavaEEMvnRepository\.m2\repository\org\apache\httpcomponents\httpclient\4.5.13\httpclient-4.5.13.jar;D:\Hamza\JavaEE_development\JavaEEMvnRepository\.m2\repository\org\apache\httpcomponents\httpcore\4.4.15\httpcore-4.4.15.jar;D:\Hamza\JavaEE_development\JavaEEMvnRepository\.m2\repository\io\micrometer\micrometer-registry-prometheus\1.9.3\micrometer-registry-prometheus-1.9.3.jar;D:\Hamza\JavaEE_development\JavaEEMvnRepository\.m2\repository\io\micrometer\micrometer-core\1.9.3\micrometer-core-1.9.3.jar;D:\Hamza\JavaEE_development\JavaEEMvnRepository\.m2\repository\org\hdrhistogram\HdrHistogram\2.1.12\HdrHistogram-2.1.12.jar;D:\Hamza\JavaEE_development\JavaEEMvnRepository\.m2\repository\org\latencyutils\LatencyUtils\2.0.3\LatencyUtils-2.0.3.jar;D:\Hamza\JavaEE_development\JavaEEMvnRepository\.m2\repository\io\prometheus\simpleclient_common\0.15.0\simpleclient_common-0.15.0.jar;D:\Hamza\JavaEE_development\JavaEEMvnRepository\.m2\repository\io\prometheus\simpleclient\0.15.0\simpleclient-0.15.0.jar;D:\Hamza\JavaEE_development\JavaEEMvnRepository\.m2\repository\io\prometheus\simpleclient_tracer_otel\0.15.0\simpleclient_tracer_otel-0.15.0.jar;D:\Hamza\JavaEE_development\JavaEEMvnRepository\.m2\repository\io\prometheus\simpleclient_tracer_common\0.15.0\simpleclient_tracer_common-0.15.0.jar;D:\Hamza\JavaEE_development\JavaEEMvnRepository\.m2\repository\io\prometheus\simpleclient_tracer_otel_agent\0.15.0\simpleclient_tracer_otel_agent-0.15.0.jar;D:\Hamza\Learn\my-projects\jhipster-projects\d2fsam\d2fsam-support\d2fsam-support-commons\target\d2fsam-support-commons-0.0.1-SNAPSHOT.jar;D:\Hamza\JavaEE_development\JavaEEMvnRepository\.m2\repository\org\apache\commons\commons-jexl\2.1.1\commons-jexl-2.1.1.jar;D:\Hamza\JavaEE_development\JavaEEMvnRepository\.m2\repository\org\apache\activemq\artemis-server\2.25.0\artemis-server-2.25.0.jar;D:\Hamza\JavaEE_development\JavaEEMvnRepository\.m2\repository\org\jboss\logging\jboss-logging\3.5.0.Final\jboss-logging-3.5.0.Final.jar;D:\Hamza\JavaEE_development\JavaEEMvnRepository\.m2\repository\org\jboss\logmanager\jboss-logmanager\2.1.18.Final\jboss-logmanager-2.1.18.Final.jar;D:\Hamza\JavaEE_development\JavaEEMvnRepository\.m2\repository\org\wildfly\common\wildfly-common\1.5.1.Final\wildfly-common-1.5.1.Final.jar;D:\Hamza\JavaEE_development\JavaEEMvnRepository\.m2\repository\org\apache\activemq\artemis-commons\2.25.0\artemis-commons-2.25.0.jar;D:\Hamza\JavaEE_development\JavaEEMvnRepository\.m2\repository\org\apache\activemq\artemis-selector\2.25.0\artemis-selector-2.25.0.jar;D:\Hamza\JavaEE_development\JavaEEMvnRepository\.m2\repository\org\apache\activemq\artemis-journal\2.25.0\artemis-journal-2.25.0.jar;D:\Hamza\JavaEE_development\JavaEEMvnRepository\.m2\repository\org\apache\activemq\artemis-jdbc-store\2.25.0\artemis-jdbc-store-2.25.0.jar;D:\Hamza\JavaEE_development\JavaEEMvnRepository\.m2\repository\org\apache\commons\commons-dbcp2\2.7.0\commons-dbcp2-2.7.0.jar;D:\Hamza\JavaEE_development\JavaEEMvnRepository\.m2\repository\org\apache\commons\commons-pool2\2.7.0\commons-pool2-2.7.0.jar;D:\Hamza\JavaEE_development\JavaEEMvnRepository\.m2\repository\org\apache\activemq\artemis-core-client\2.25.0\artemis-core-client-2.25.0.jar;D:\Hamza\JavaEE_development\JavaEEMvnRepository\.m2\repository\org\jgroups\jgroups\5.2.0.Final\jgroups-5.2.0.Final.jar;D:\Hamza\JavaEE_development\JavaEEMvnRepository\.m2\repository\org\apache\activemq\artemis-quorum-api\2.25.0\artemis-quorum-api-2.25.0.jar;D:\Hamza\JavaEE_development\JavaEEMvnRepository\.m2\repository\org\apache\activemq\activemq-artemis-native\1.0.2\activemq-artemis-native-1.0.2.jar;D:\Hamza\JavaEE_development\JavaEEMvnRepository\.m2\repository\org\jctools\jctools-core\2.1.2\jctools-core-2.1.2.jar;D:\Hamza\JavaEE_development\JavaEEMvnRepository\.m2\repository\org\apache\commons\commons-configuration2\2.8.0\commons-configuration2-2.8.0.jar;D:\Hamza\JavaEE_development\JavaEEMvnRepository\.m2\repository\org\apache\geronimo\specs\geronimo-jms_2.0_spec\1.0-alpha-2\geronimo-jms_2.0_spec-1.0-alpha-2.jar;D:\Hamza\JavaEE_development\JavaEEMvnRepository\.m2\repository\org\apache\activemq\artemis-jms-client\2.25.0\artemis-jms-client-2.25.0.jar;D:\Hamza\JavaEE_development\JavaEEMvnRepository\.m2\repository\io\netty\netty-all\4.1.81.Final\netty-all-4.1.81.Final.jar;D:\Hamza\JavaEE_development\JavaEEMvnRepository\.m2\repository\io\netty\netty-buffer\4.1.81.Final\netty-buffer-4.1.81.Final.jar;D:\Hamza\JavaEE_development\JavaEEMvnRepository\.m2\repository\io\netty\netty-codec\4.1.81.Final\netty-codec-4.1.81.Final.jar;D:\Hamza\JavaEE_development\JavaEEMvnRepository\.m2\repository\io\netty\netty-codec-dns\4.1.81.Final\netty-codec-dns-4.1.81.Final.jar;D:\Hamza\JavaEE_development\JavaEEMvnRepository\.m2\repository\io\netty\netty-codec-haproxy\4.1.81.Final\netty-codec-haproxy-4.1.81.Final.jar;D:\Hamza\JavaEE_development\JavaEEMvnRepository\.m2\repository\io\netty\netty-codec-http\4.1.81.Final\netty-codec-http-4.1.81.Final.jar;D:\Hamza\JavaEE_development\JavaEEMvnRepository\.m2\repository\io\netty\netty-codec-http2\4.1.81.Final\netty-codec-http2-4.1.81.Final.jar;D:\Hamza\JavaEE_development\JavaEEMvnRepository\.m2\repository\io\netty\netty-codec-memcache\4.1.81.Final\netty-codec-memcache-4.1.81.Final.jar;D:\Hamza\JavaEE_development\JavaEEMvnRepository\.m2\repository\io\netty\netty-codec-mqtt\4.1.81.Final\netty-codec-mqtt-4.1.81.Final.jar;D:\Hamza\JavaEE_development\JavaEEMvnRepository\.m2\repository\io\netty\netty-codec-redis\4.1.81.Final\netty-codec-redis-4.1.81.Final.jar;D:\Hamza\JavaEE_development\JavaEEMvnRepository\.m2\repository\io\netty\netty-codec-smtp\4.1.81.Final\netty-codec-smtp-4.1.81.Final.jar;D:\Hamza\JavaEE_development\JavaEEMvnRepository\.m2\repository\io\netty\netty-codec-socks\4.1.81.Final\netty-codec-socks-4.1.81.Final.jar;D:\Hamza\JavaEE_development\JavaEEMvnRepository\.m2\repository\io\netty\netty-codec-stomp\4.1.81.Final\netty-codec-stomp-4.1.81.Final.jar;D:\Hamza\JavaEE_development\JavaEEMvnRepository\.m2\repository\io\netty\netty-codec-xml\4.1.81.Final\netty-codec-xml-4.1.81.Final.jar;D:\Hamza\JavaEE_development\JavaEEMvnRepository\.m2\repository\io\netty\netty-common\4.1.81.Final\netty-common-4.1.81.Final.jar;D:\Hamza\JavaEE_development\JavaEEMvnRepository\.m2\repository\io\netty\netty-handler\4.1.81.Final\netty-handler-4.1.81.Final.jar;D:\Hamza\JavaEE_development\JavaEEMvnRepository\.m2\repository\io\netty\netty-transport-native-unix-common\4.1.81.Final\netty-transport-native-unix-common-4.1.81.Final.jar;D:\Hamza\JavaEE_development\JavaEEMvnRepository\.m2\repository\io\netty\netty-handler-proxy\4.1.81.Final\netty-handler-proxy-4.1.81.Final.jar;D:\Hamza\JavaEE_development\JavaEEMvnRepository\.m2\repository\io\netty\netty-resolver\4.1.81.Final\netty-resolver-4.1.81.Final.jar;D:\Hamza\JavaEE_development\JavaEEMvnRepository\.m2\repository\io\netty\netty-resolver-dns\4.1.81.Final\netty-resolver-dns-4.1.81.Final.jar;D:\Hamza\JavaEE_development\JavaEEMvnRepository\.m2\repository\io\netty\netty-transport\4.1.81.Final\netty-transport-4.1.81.Final.jar;D:\Hamza\JavaEE_development\JavaEEMvnRepository\.m2\repository\io\netty\netty-transport-rxtx\4.1.81.Final\netty-transport-rxtx-4.1.81.Final.jar;D:\Hamza\JavaEE_development\JavaEEMvnRepository\.m2\repository\io\netty\netty-transport-sctp\4.1.81.Final\netty-transport-sctp-4.1.81.Final.jar;D:\Hamza\JavaEE_development\JavaEEMvnRepository\.m2\repository\io\netty\netty-transport-udt\4.1.81.Final\netty-transport-udt-4.1.81.Final.jar;D:\Hamza\JavaEE_development\JavaEEMvnRepository\.m2\repository\io\netty\netty-transport-classes-epoll\4.1.81.Final\netty-transport-classes-epoll-4.1.81.Final.jar;D:\Hamza\JavaEE_development\JavaEEMvnRepository\.m2\repository\io\netty\netty-transport-classes-kqueue\4.1.81.Final\netty-transport-classes-kqueue-4.1.81.Final.jar;D:\Hamza\JavaEE_development\JavaEEMvnRepository\.m2\repository\io\netty\netty-resolver-dns-classes-macos\4.1.81.Final\netty-resolver-dns-classes-macos-4.1.81.Final.jar;D:\Hamza\JavaEE_development\JavaEEMvnRepository\.m2\repository\io\netty\netty-transport-native-epoll\4.1.81.Final\netty-transport-native-epoll-4.1.81.Final-linux-x86_64.jar;D:\Hamza\JavaEE_development\JavaEEMvnRepository\.m2\repository\io\netty\netty-transport-native-epoll\4.1.81.Final\netty-transport-native-epoll-4.1.81.Final-linux-aarch_64.jar;D:\Hamza\JavaEE_development\JavaEEMvnRepository\.m2\repository\io\netty\netty-transport-native-kqueue\4.1.81.Final\netty-transport-native-kqueue-4.1.81.Final-osx-x86_64.jar;D:\Hamza\JavaEE_development\JavaEEMvnRepository\.m2\repository\io\netty\netty-transport-native-kqueue\4.1.81.Final\netty-transport-native-kqueue-4.1.81.Final-osx-aarch_64.jar;D:\Hamza\JavaEE_development\JavaEEMvnRepository\.m2\repository\io\netty\netty-resolver-dns-native-macos\4.1.81.Final\netty-resolver-dns-native-macos-4.1.81.Final-osx-x86_64.jar;D:\Hamza\JavaEE_development\JavaEEMvnRepository\.m2\repository\io\netty\netty-resolver-dns-native-macos\4.1.81.Final\netty-resolver-dns-native-macos-4.1.81.Final-osx-aarch_64.jar;D:\Hamza\JavaEE_development\JavaEEMvnRepository\.m2\repository\org\springframework\spring-jms\5.3.22\spring-jms-5.3.22.jar;D:\Hamza\JavaEE_development\JavaEEMvnRepository\.m2\repository\org\springframework\spring-messaging\5.3.22\spring-messaging-5.3.22.jar;D:\Hamza\JavaEE_development\JavaEEMvnRepository\.m2\repository\org\projectlombok\lombok\1.18.24\lombok-1.18.24.jar;D:\Hamza\JavaEE_development\JavaEEMvnRepository\.m2\repository\org\hibernate\hibernate-core\5.6.11.Final\hibernate-core-5.6.11.Final.jar;D:\Hamza\JavaEE_development\JavaEEMvnRepository\.m2\repository\net\bytebuddy\byte-buddy\1.12.9\byte-buddy-1.12.9.jar;D:\Hamza\JavaEE_development\JavaEEMvnRepository\.m2\repository\antlr\antlr\2.7.7\antlr-2.7.7.jar;D:\Hamza\JavaEE_development\JavaEEMvnRepository\.m2\repository\org\jboss\jandex\2.4.2.Final\jandex-2.4.2.Final.jar;D:\Hamza\JavaEE_development\JavaEEMvnRepository\.m2\repository\com\fasterxml\classmate\1.5.1\classmate-1.5.1.jar;D:\Hamza\JavaEE_development\JavaEEMvnRepository\.m2\repository\javax\activation\javax.activation-api\1.2.0\javax.activation-api-1.2.0.jar;D:\Hamza\JavaEE_development\JavaEEMvnRepository\.m2\repository\org\hibernate\common\hibernate-commons-annotations\5.1.2.Final\hibernate-commons-annotations-5.1.2.Final.jar;D:\Hamza\JavaEE_development\JavaEEMvnRepository\.m2\repository\org\glassfish\jaxb\jaxb-runtime\2.3.1\jaxb-runtime-2.3.1.jar;D:\Hamza\JavaEE_development\JavaEEMvnRepository\.m2\repository\org\glassfish\jaxb\txw2\2.3.1\txw2-2.3.1.jar;D:\Hamza\JavaEE_development\JavaEEMvnRepository\.m2\repository\com\sun\istack\istack-commons-runtime\3.0.7\istack-commons-runtime-3.0.7.jar;D:\Hamza\JavaEE_development\JavaEEMvnRepository\.m2\repository\org\jvnet\staxex\stax-ex\1.8\stax-ex-1.8.jar;D:\Hamza\JavaEE_development\JavaEEMvnRepository\.m2\repository\com\sun\xml\fastinfoset\FastInfoset\1.2.15\FastInfoset-1.2.15.jar;D:\Hamza\JavaEE_development\JavaEEMvnRepository\.m2\repository\org\springframework\spring-context\5.3.22\spring-context-5.3.22.jar;D:\Hamza\JavaEE_development\JavaEEMvnRepository\.m2\repository\org\springframework\spring-aop\5.3.22\spring-aop-5.3.22.jar;D:\Hamza\JavaEE_development\JavaEEMvnRepository\.m2\repository\org\springframework\spring-expression\5.3.22\spring-expression-5.3.22.jar;D:\Hamza\JavaEE_development\JavaEEMvnRepository\.m2\repository\org\springframework\spring-core\5.3.22\spring-core-5.3.22.jar;D:\Hamza\JavaEE_development\JavaEEMvnRepository\.m2\repository\org\springframework\spring-jcl\5.3.22\spring-jcl-5.3.22.jar;D:\Hamza\JavaEE_development\JavaEEMvnRepository\.m2\repository\org\springframework\spring-beans\5.3.22\spring-beans-5.3.22.jar;D:\Hamza\JavaEE_development\JavaEEMvnRepository\.m2\repository\com\fasterxml\jackson\core\jackson-annotations\2.13.4\jackson-annotations-2.13.4.jar;D:\Hamza\JavaEE_development\JavaEEMvnRepository\.m2\repository\com\fasterxml\jackson\dataformat\jackson-dataformat-xml\2.13.4\jackson-dataformat-xml-2.13.4.jar;D:\Hamza\JavaEE_development\JavaEEMvnRepository\.m2\repository\org\codehaus\woodstox\stax2-api\4.2.1\stax2-api-4.2.1.jar;D:\Hamza\JavaEE_development\JavaEEMvnRepository\.m2\repository\com\fasterxml\woodstox\woodstox-core\6.3.1\woodstox-core-6.3.1.jar;D:\Hamza\JavaEE_development\JavaEEMvnRepository\.m2\repository\com\fasterxml\jackson\core\jackson-core\2.13.4\jackson-core-2.13.4.jar;D:\Hamza\JavaEE_development\JavaEEMvnRepository\.m2\repository\com\fasterxml\jackson\core\jackson-databind\2.13.4\jackson-databind-2.13.4.jar;D:\Hamza\JavaEE_development\JavaEEMvnRepository\.m2\repository\org\slf4j\slf4j-api\1.7.36\slf4j-api-1.7.36.jar;D:\Hamza\JavaEE_development\JavaEEMvnRepository\.m2\repository\org\apache\logging\log4j\log4j-slf4j-impl\2.18.0\log4j-slf4j-impl-2.18.0.jar;D:\Hamza\JavaEE_development\JavaEEMvnRepository\.m2\repository\org\apache\logging\log4j\log4j-api\2.18.0\log4j-api-2.18.0.jar;D:\Hamza\JavaEE_development\JavaEEMvnRepository\.m2\repository\org\apache\logging\log4j\log4j-core\2.18.0\log4j-core-2.18.0.jar;D:\Hamza\JavaEE_development\JavaEEMvnRepository\.m2\repository\javax\annotation\javax.annotation-api\1.3.2\javax.annotation-api-1.3.2.jar;D:\Hamza\JavaEE_development\JavaEEMvnRepository\.m2\repository\org\apache\commons\commons-lang3\3.12.0\commons-lang3-3.12.0.jar;D:\Hamza\JavaEE_development\JavaEEMvnRepository\.m2\repository\javax\persistence\javax.persistence-api\2.2\javax.persistence-api-2.2.jar;D:\Hamza\JavaEE_development\JavaEEMvnRepository\.m2\repository\com\google\guava\guava\31.1-jre\guava-31.1-jre.jar;D:\Hamza\JavaEE_development\JavaEEMvnRepository\.m2\repository\com\google\guava\failureaccess\1.0.1\failureaccess-1.0.1.jar;D:\Hamza\JavaEE_development\JavaEEMvnRepository\.m2\repository\com\google\guava\listenablefuture\9999.0-empty-to-avoid-conflict-with-guava\listenablefuture-9999.0-empty-to-avoid-conflict-with-guava.jar;D:\Hamza\JavaEE_development\JavaEEMvnRepository\.m2\repository\org\checkerframework\checker-qual\3.12.0\checker-qual-3.12.0.jar;D:\Hamza\JavaEE_development\JavaEEMvnRepository\.m2\repository\com\google\errorprone\error_prone_annotations\2.11.0\error_prone_annotations-2.11.0.jar;D:\Hamza\JavaEE_development\JavaEEMvnRepository\.m2\repository\com\google\j2objc\j2objc-annotations\1.3\j2objc-annotations-1.3.jar;D:\Hamza\JavaEE_development\JavaEEMvnRepository\.m2\repository\org\hamcrest\hamcrest\2.2\hamcrest-2.2.jar;D:\Hamza\JavaEE_development\JavaEEMvnRepository\.m2\repository\org\junit\jupiter\junit-jupiter\5.9.0\junit-jupiter-5.9.0.jar;D:\Hamza\JavaEE_development\JavaEEMvnRepository\.m2\repository\org\junit\jupiter\junit-jupiter-api\5.9.0\junit-jupiter-api-5.9.0.jar;D:\Hamza\JavaEE_development\JavaEEMvnRepository\.m2\repository\org\opentest4j\opentest4j\1.2.0\opentest4j-1.2.0.jar;D:\Hamza\JavaEE_development\JavaEEMvnRepository\.m2\repository\org\junit\platform\junit-platform-commons\1.9.0\junit-platform-commons-1.9.0.jar;D:\Hamza\JavaEE_development\JavaEEMvnRepository\.m2\repository\org\apiguardian\apiguardian-api\1.1.2\apiguardian-api-1.1.2.jar;D:\Hamza\JavaEE_development\JavaEEMvnRepository\.m2\repository\org\junit\jupiter\junit-jupiter-params\5.9.0\junit-jupiter-params-5.9.0.jar;D:\Hamza\JavaEE_development\JavaEEMvnRepository\.m2\repository\org\junit\jupiter\junit-jupiter-engine\5.9.0\junit-jupiter-engine-5.9.0.jar;D:\Hamza\JavaEE_development\JavaEEMvnRepository\.m2\repository\org\junit\platform\junit-platform-engine\1.9.0\junit-platform-engine-1.9.0.jar;D:\Hamza\JavaEE_development\JavaEEMvnRepository\.m2\repository\org\mockito\mockito-core\4.8.0\mockito-core-4.8.0.jar;D:\Hamza\JavaEE_development\JavaEEMvnRepository\.m2\repository\net\bytebuddy\byte-buddy-agent\1.12.14\byte-buddy-agent-1.12.14.jar;D:\Hamza\JavaEE_development\JavaEEMvnRepository\.m2\repository\org\objenesis\objenesis\3.2\objenesis-3.2.jar;D:\Hamza\JavaEE_development\JavaEEMvnRepository\.m2\repository\org\mockito\mockito-junit-jupiter\4.8.0\mockito-junit-jupiter-4.8.0.jar;D:\Hamza\JavaEE_development\JavaEEMvnRepository\.m2\repository\com\google\code\findbugs\jsr305\3.0.2\jsr305-3.0.2.jar;"/>
    <property name="sun.cpu.endian" value="little"/>
    <property name="user.home" value="C:\Users\Hamza"/>
    <property name="user.language" value="en"/>
    <property name="java.specification.vendor" value="Oracle Corporation"/>
    <property name="java.version.date" value="2021-01-19"/>
    <property name="java.home" value="C:\Program Files\Java\jdk-11.0.10"/>
    <property name="file.separator" value="\"/>
    <property name="basedir" value="D:\Hamza\Learn\my-projects\jhipster-projects\d2fsam\d2fsam-support\d2fsam-support-artemis"/>
    <property name="java.vm.compressedOopsMode" value="32-bit"/>
    <property name="line.separator" value="&#10;"/>
    <property name="java.specification.name" value="Java Platform API Specification"/>
    <property name="java.vm.specification.vendor" value="Oracle Corporation"/>
    <property name="java.awt.graphicsenv" value="sun.awt.Win32GraphicsEnvironment"/>
    <property name="surefire.real.class.path" value="C:\Users\Hamza\AppData\Local\Temp\surefire13471977362982786333\surefirebooter-20230304013032795_32.jar"/>
    <property name="user.script" value=""/>
    <property name="sun.management.compiler" value="HotSpot 64-Bit Tiered Compilers"/>
    <property name="java.runtime.version" value="11.0.10+8-LTS-162"/>
    <property name="user.name" value="Hamza"/>
    <property name="path.separator" value=";"/>
    <property name="os.version" value="10.0"/>
    <property name="java.runtime.name" value="Java(TM) SE Runtime Environment"/>
    <property name="file.encoding" value="Cp1252"/>
    <property name="java.vm.name" value="Java HotSpot(TM) 64-Bit Server VM"/>
    <property name="java.vendor.version" value="18.9"/>
    <property name="localRepository" value="D:\Hamza\JavaEE_development\JavaEEMvnRepository\.m2\repository"/>
    <property name="java.vendor.url.bug" value="https://bugreport.java.com/bugreport/"/>
    <property name="java.io.tmpdir" value="C:\Users\Hamza\AppData\Local\Temp\"/>
    <property name="idea.version" value="2021.1"/>
    <property name="java.version" value="11.0.10"/>
    <property name="user.dir" value="D:\Hamza\Learn\my-projects\jhipster-projects\d2fsam\d2fsam-support\d2fsam-support-artemis"/>
    <property name="os.arch" value="amd64"/>
    <property name="java.vm.specification.name" value="Java Virtual Machine Specification"/>
    <property name="java.awt.printerjob" value="sun.awt.windows.WPrinterJob"/>
    <property name="sun.os.patch.level" value=""/>
    <property name="java.library.path" value="C:\Program Files\Java\jdk-11.0.10\bin;C:\Windows\Sun\Java\bin;C:\Windows\system32;C:\Windows;C:\Program Files\Java\jdk-11.0.10\bin;C:\Program Files (x86)\Common Files\Oracle\Java\javapath;C:\Program Files\Common Files\Oracle\Java\javapath;C:\Windows\system32;C:\Windows;C:\Windows\System32\Wbem;C:\Windows\System32\WindowsPowerShell\v1.0\;C:\Windows\System32\OpenSSH\;C:\Program Files\dotnet\;C:\Program Files (x86)\Intel\Intel(R) Management Engine Components\DAL;C:\Program Files\Intel\Intel(R) Management Engine Components\DAL;C:\Program Files\Git\cmd;D:\Hamza\android-tools\android_sdk\platform-tools;D:\Hamza\android-tools\android_sdk\tools;F:\001-Hamza\android-tools\android_sdk\tools\bin;C:\Program Files\Docker\Docker\resources\bin;C:\ProgramData\DockerDesktop\version-bin;C:\Program Files\PuTTY\;C:\Program Files\nodejs\;C:\Program Files\GitHub CLI\;D:\Hamza\JavaEE_development\apache-maven-3.8.6\bin;C:\Users\Hamza\AppData\Local\Microsoft\WindowsApps;D:\Hamza\JavaEE_development\JetBrains\IntelliJ IDEA 2018.3.4\bin;C:\Users\Hamza\AppData\Local\Programs\Microsoft VS Code\bin;D:\Hamza\android-tools\flutter\bin;D:\Hamza\JavaEE_development\Pub\Cache\bin;C:\Users\Hamza\AppData\Roaming\npm;."/>
    <property name="java.vendor" value="Oracle Corporation"/>
    <property name="java.vm.info" value="mixed mode"/>
    <property name="java.vm.version" value="11.0.10+8-LTS-162"/>
    <property name="sun.io.unicode.encoding" value="UnicodeLittle"/>
    <property name="maven.repo.local" value="D:\Hamza\JavaEE_development\JavaEEMvnRepository\.m2\repository"/>
    <property name="java.class.version" value="55.0"/>
  </properties>
  <testcase name="testGetAnnotatedFields" classname="org.nmcpye.am.artemis.audit.listener.AnnotationUtilsTest" time="0"/>
  <testcase name="testIsAnnotationPresent" classname="org.nmcpye.am.artemis.audit.listener.AnnotationUtilsTest" time="0.117"/>
</testsuite>